This is pdfTeX, Version 3.1415926-1.40.10 (TeX Live 2009/Debian) (format=latex 2011.3.14)  3 APR 2011 19:40
entering extended mode
 restricted \write18 enabled.
 %&-line parsing enabled.
**bibleref.ins
(./bibleref.ins
LaTeX2e <2009/09/24>
Babel <v3.8l> and hyphenation patterns for english, usenglishmax, dumylang, noh
yphenation, loaded.
(/usr/share/texmf-texlive/tex/latex/base/docstrip.tex
\blockLevel=\count79
\emptyLines=\count80
\processedLines=\count81
\commentsRemoved=\count82
\commentsPassed=\count83
\codeLinesPassed=\count84
\TotalprocessedLines=\count85
\TotalcommentsRemoved=\count86
\TotalcommentsPassed=\count87
\TotalcodeLinesPassed=\count88
\NumberOfFiles=\count89
\inFile=\read1
\inputcheck=\read2
\off@0=\count90
\off@1=\count91
\off@2=\count92
\off@3=\count93
\off@4=\count94
\off@5=\count95
\off@6=\count96
\off@7=\count97
\off@8=\count98
\off@9=\count99
\off@10=\count100
\off@11=\count101
\off@12=\count102
\off@13=\count103
\off@14=\count104
\off@15=\count105
\@maxfiles=\count106
\@maxoutfiles=\count107

Utility: `docstrip' 2.5d <2005/07/29>
English documentation    <1999/03/31>

**********************************************************
* This program converts documented macro-files into fast *
* loadable files by stripping off (nearly) all comments! *
**********************************************************

********************************************************
* No Configuration file found, using default settings. *
********************************************************

)

Generating file(s) ./bibleref-xidx.sty ./bibleref.sty ./sample-categories.tex .
/sample-multind.tex ./sample-xidx.tex ./sample.tex ./sample.ist ./bibleref.perl
 
\openout0 = `./bibleref-xidx.sty'.

\openout1 = `./bibleref.sty'.

\openout2 = `./sample-categories.tex'.

\openout3 = `./sample-multind.tex'.

\openout4 = `./sample-xidx.tex'.

\openout5 = `./sample.tex'.

\openout6 = `./sample.ist'.

\openout7 = `./bibleref.perl'.


Processing file bibleref.dtx (bibleref-xidx.sty,package) -> bibleref-xidx.sty
                             (bibleref.sty,package) -> bibleref.sty
                             (sample-categories.tex,package) -> sample-categori
es.tex
                             (sample-multind.tex,package) -> sample-multind.tex

                             (sample-xidx.tex,package) -> sample-xidx.tex
                             (sample.tex,package) -> sample.tex
                             (sample.ist,package) -> sample.ist
                             (bibleref.perl) -> bibleref.perl
% % % % % % % % % % % % % % % % % % % <*package > % % % % % % <*driver . . . .
. . . . / / . . . . . . > % % % % % % % % % % % % % % % % % % % % % % % % % %
% % % % % % % % % % % % % % % % % % % % % % % % % % % % % % % % % % % % % % %
% % % % % % % % % % % % % % % % % % % % % % % % % % % % % % % % % % % % % % %
% % % % % % % % % % % % % % % % % % % % % % % % % % % % % % % % % % % % % % %
% % % % % % % % % % % % % % % % % % % % % % % % % % % % % % % % % % % % % % %
% % % % % % % % % % % % % % % % % % % % % % % % % % % % % % % % % % % % % % %
% % % % % % % % % % % % % % % % % % % % % % % % % % % % % % % % % % % % % % %
% % % % % % % % % % % % % % % % % % % % % % % % % % % % % % % % % % % % % % %
% % % % % % % % % % % % % % % % % % % % % % % % % % % % % % % % % % % % % % %
% % % % % % % % % % % % % % % % % % % % % % % % % % % % % % % % % % % % % % %
% % % % % % % % % % % % % % % % % % % % % % % % % % % % % % % % % % % % % % %
% % % % % % <*bibleref-xidx.sty % % % % . . % % % % % . . % % % % % % . . % %
% % . . . . % % % . % % % . % % % . % % % % % . . . . . . % % % % % . . . . .
. % % % % % . . . % % % % . . . . . . . . . . . . % % % % % . . . % % % % . .
. % % % . . . . . . % % % % % . . . % % % % % . . . . . . . . . . . % % % % %
. . . . . . . % % % % % . . . . . % % % % % . . . . . . . % % % % % . . . . .
% % % % % . . . . . . . . . . . % % % % % . . . . . . . . % % % % % . . . . .
. . . . . . . . . . . . . . . . . % % % % % . . . . . . . . % % % % % . . . .
. % % % % % . . . . . . . % % % % % . . . . . % % % % % . . . . . . . % % % %
% . . . . . % % % % % . . . . . . . % % % % % . . . . . % % % % % . % % % % %
. % % % % % . % % % % % . % % % % . % % % % % . . . . % % % % % . % % % . . .
. . % % % . . . . . . % % % % % % % . . . . . . . . . . . . . . % % % % % % %
. . . . . . . . . . . . . . . . . % % % % % % % . . . . . . . . % % % % > % %
% % <*bibleref.sty % % % % . . % % % . % % % % . % % % % % . % % % % % % . % %
% % % . % % % % % % % . % % % % % . % % % % % % . % % % % % % . % % % % % . %
% % % % % % . % % % % % % . % % % % % % . % % % % % % . % % % % % % % . % % %
% % % . % % % % % % . % % % % % % % . % % % % % . % % % % % % . % % % % % % %
. . . . . . . . . . . . . . . . . . . . . . . . . . . . . . . . . . . . . . .
. . . . . . . . . . . . . . . . . . . . . . . . . . . . . . . . . . . % % % %
. % % % % % . . . . . . . . . . . . . . . . . . . . . . . . . . . . . . . . .
. . . . . . . . . . . . . . . . . . . . . . . . . . . . . . . . . . . . . . .
. . % % % % % % . . . . . . . . . . . . . . . . . . . . . . . . . . . . . . .
. . . . . . . . . . . . . . . . . . . . . . . . . . . . . . . . . . . . . . .
. . . . % % % % . . . . . . . . . . . . . . . . . . . . . . . . . . . . . . .
. . . . . . . . . . . . . . . . . . . . . . . . . . . . . . . . . . . . . . .
. % % % . . . . . . . . . . . . . . . . . . . . . . . . . . . . . . . . . . .
. . . . . . . . . . . . . . . . . % % % % % % . . . . . . . . . . . . . . . .
. . . % % % % % . . . . . . . . . . . . . . . . . . . . % % % % % . . . . . .
. . . . . . . . . . . . . . % % % % % . . . . . . . . . . . . . . . . . . . .
% % % % % . . . . . . . . . . . . . . . . . . . . % % % % % . . . . . . . . .
. . . . . . . . . . . % % % % % . . . . . . . . . . . . . . . . . . . . % % %
% % . . . . . . . . . . . . . . . . . . . . % % % % % . . . . . . . . . . . .
. . . . . . . . . % % % % . . . . . . . . . % % % . % % % % % % % % % % % . .
. . . % % % % % % % % % . . . . . . . . . % % % % % % % . . . . . . . . . % %
% % % % % . . . . . . . . . % % % % % % % % % . . . . . . . % % % % % % % % .
% % % % % . . . . . . . . . % % % % % % . . . . . . . . . . . . . % % % % % %
% % . . . . . . . . % % % % % % . . . . . . . . . . . % % % % % % % % % % . %
% % % % . . . . . . . . . % % % % % % % % . . . . . . . . . . . . . . . . . .
. . . . . % % % % % % . . . . . . . . . . . . . . . . . . . . . . . . . . . .
. . . . . . . % % % % % % . . . . % % . % % % . % % % . . . . . . . . . . . .
. . . . . . . . % % % % % % . . . . . . . . . . . . . % % % % % % % . % % % %
% % . % % % % % . . . . % % % % % % % % % . . . . % % % % % . % % % % % % . .
. . . . . . . . . . . . . . . . . . . . . . . % % % . . . . . % % % % . . . .
% % % % % % . . . . % % % % % % . . . . . . . . . . . . . . . . . % % % % % %
% % . . . . . . % % % % . . . . . . . % % % % % % % % % . . . . . . . . . . %
. . % % % . . % % % % % % % % . . . . . . . . % % % % % % % % . % % % % % % %
% . . . % % % % % . . . . . . % % % % % % . % % % % % % . . . . . . . . % % %
% % % . . . . . . . % % % % % % . . % % % % % % . . . . . . . . . % % % % % %
% % % . . . % % % % % % % . . . . . . . . . . . . % % % % % % % . . . . . . .
. . . . . . . . . . . % % % % % % . % % % % > % % % % <*sample-categories.tex
% % % % . . . . . . . . . . . . . . . . . . . . . . . . . . . . . . . . . . .
. . . . . . . . . . . . % % % % > % % % % <*sample-multind.tex % % % % % . . .
. . . . . . . . . . . . . . . . . . . . . . . . . . . . . . . . . . . . . . .
% % % % > % % % % <*sample-xidx.tex % % % % % . . . . . . . . . . . . . . . .
. . . . . . . . . . . . . . . . % % % % > % % % % <*sample.tex % % % % % . . .
. . . % % . . . . . . . . . . . . . . . . . . . . . . . . . . . . . . . . . .
. . . . . . . . . . . . . . . . . . . . . . . . . . . . . . . . . . . . . . .
. . . . . . . . . . . . . . . . . . . . . . . . . . . . . . . . . . . . . . .
. . . . . . . . . . . . . . . . . . . . . . . . . . . . . . . . . . . . . . .
. . . . . . . . . . . . . . . . . . . . . . . . . . . . . . . . . . . . . . .
. . . . . . . . . . . . . . . . . . . . . . . . . . . . . . . . . . . . . . .
. . . . . . . . . . . . . . . . % % % % > % % % % <*sample.ist % % % % . . . %
% % % > % % % % <*bibleref.perl % % % % . . . . . . . . . . . . . . . . . . .
. . . . . . . . . . . . . . . . . . . . . . . . . . . . . . . . . . . . . . .
. . . . . . . . . . . . . . . . . . . . . . . . . . . . . . . . . . . . . . .
. . . . . . . . . . . . . . . . . . . . . . . . . . . . . . . . . . . . . . .
. . . . . . . . . . . . . . . . . . . . . . . . . . . . . . . . . . . . . . .
. . . . . . . . . . . . . . . . . . . . . . . . . . . . . . . . . . . . . . .
. . . . . . . . . . . . . . . . . . . . . . . . . . . . . . . . . . . . . . .
. . . . . . . . . . . . . . . . . . . . . . . . . . . . . . . . . . . . . . .
. . . . . . . . . . . . . . . . . . . . . . . . . . . . . . . . . . . . . . .
. . . . . . . . . . . . . . . . . . . . . . . . . . . . . . . . . . . . . . .
. . . . . . . . . . . . . . . . . . . . . . . . . . . . . . . . . . . . . . .
. . . . . . . . . . . . . . . . . . . . . . . . . . . . . . . . . . . . . . .
. . . . . . . . . . . . . . . . . . . . . . . . . . . . . . . . . . . . . . .
. . . . . . . . . . . . . . . . . . . . . . . . . . . . . . . . . . . . . . .
. . . . . . . . . . . . . . . . . . . . . . . . . . . . . . . . . . . . . . .
. . . . . . . . . . . . . . . . . . . . . . . . . . . . . . . . . . . . . . .
. . . . . . . . . . . . . . . . . . . . . . . . . . . . . . . . . . . . . . .
. . . . . . . . . . . . . . . . . . . . . . . . . . . . . . . . . . . . . . .
. . . . . . . . . . . . . . . . . . . . . . . . . . . . . . . . . . . . . . .
. . . . . . . . . . . . . . . . . . . . . . . . . . . . . . . . . . . . . . .
. . . . . . . . . . . . . . . . . . . . . . . . . . . . . . . . . . . . . . .
. . . . . . . . . . . . . . . . . . . . . . . . . . . . . . . . . . . . . . .
. . . . . . . . . . . . . . . . . . . . . . . . . . . . . . . . . . . . . . .
. . . . . . . . . . . . . . . . . . . . . . . . . . . . . . . . . . . . . . .
. . . . . . . . . . . . . . . . . . . . . . . . . . . . . . . . . . . . . . .
. . . . . . . . . . . . . . . . . . . . . . . . . . . . . . . . . . . . . . .
. . . . . . . . . . . . . . . . . . . . . . . . . . . . . . . . . . . . . . .
. . . . . . . . . . . . . . . . . . . . . . . . . . . . . . . . . . . . . . .
. . . . . . . . . . . . . . . . . . . . . . . . . . . . . . . . . . . . . . .
. . . . . . . . . . . . . . . . . . . . . . . . . . . . . . . . . . . . . . .
. . . . . . . . . . . . . . . . . . . . . . . . . . . . . . . . . . . . . . .
. . . . . . . . . . . . . . . . . . . . . . . . . . . . . . . . . . . . . . .
. . . . . . . . . . . . . . . . . . . . . . . . . . . . . . . . . . . . . . .
. . . . . . . . . . . . . . . . . . . . . . . . . . . . . . . . . . . . . . .
. . . . . . . . . . . . . . . . . . . . . . . . . . . . . . . . . . . . . . .
. . . . . . . . . . . . . . . . . . . . . . . . . . . . . . . . . . . . . . .
. . . . . . . . . . . . . . . . . . . . . . . . . . . . . . . . . . . . . . .
. . . . . . . . . . . . . . . . . . . . . . . . . . . . . . . . . . . . . . .
. . . . . . . . . . . . . . . . . . . . . . . . . . . . . . . . . . . . . . .
. . . . . . . . . . . . . . . . . . . . . . . . . . . . . . . . . . . . . . .
. . . . . . . . . . . . . . . . . . . . . . . . . . . . . . . . . . . . . . .
. . . . . . . . . . . . . . . . . . . . . . . . . . . . . . . . . . . . . . .
. . . . . . . . . . . . . . . . . . . . . . . . . . . . . . . . . . . . . . .
. . . . . . . . . . . . . . . . . . . . . . . . . . . . . . . . . . . . . . .
. . . . . . . . . . . . . . . . . . . . . . . . . . . . . . . . . . . . . . .
. . . % % % % > % % %
File bibleref.dtx ended by \endinput.
Lines  processed: 4559
Comments removed: 1239
Comments  passed: 15
Codelines passed: 3285

 ) 
Here is how much of TeX's memory you used:
 382 strings out of 495062
 4170 string characters out of 1182644
 54047 words of memory out of 3000000
 3646 multiletter control sequences out of 15000+50000
 3640 words of font info for 14 fonts, out of 3000000 for 9000
 28 hyphenation exceptions out of 8191
 11i,0n,15p,231b,202s stack positions out of 5000i,500n,10000p,200000b,50000s

No pages of output.
